c:\users\pierr\source\repos\narrativedesignexercice\trunk\mermory\x64\debug\vc141.pdb
c:\users\pierr\source\repos\narrativedesignexercice\trunk\mermory\x64\debug\vc141.idb
c:\users\pierr\source\repos\narrativedesignexercice\trunk\mermory\x64\debug\main.obj
c:\users\pierr\source\repos\narrativedesignexercice\trunk\mermory\x64\debug\play_01.obj
c:\hello\narrativedesignexercise\trunk\mermory\x64\debug\vc141.pdb
c:\hello\narrativedesignexercise\trunk\mermory\x64\debug\vc141.idb
c:\hello\narrativedesignexercise\trunk\mermory\x64\debug\play_01.obj
c:\hello\narrativedesignexercise\trunk\mermory\x64\debug\main.obj
c:\hello\narrativedesignexercise\trunk\mermory\x64\debug\timeutilities.obj
c:\users\pierr\source\repos\narrativedesignexercice\trunk\x64\debug\mermory.exe
c:\users\pierr\source\repos\narrativedesignexercice\trunk\x64\debug\mermory.ilk
c:\users\pierr\source\repos\narrativedesignexercice\trunk\x64\debug\mermory.pdb
c:\hello\narrativedesignexercise\trunk\x64\debug\mermory.pdb
c:\hello\narrativedesignexercise\trunk\x64\debug\mermory.exe
c:\hello\narrativedesignexercise\trunk\x64\debug\mermory.ilk
c:\hello\narrativedesignexercise\trunk\mermory\x64\debug\mermory.tlog\cl.command.1.tlog
c:\hello\narrativedesignexercise\trunk\mermory\x64\debug\mermory.tlog\cl.read.1.tlog
c:\hello\narrativedesignexercise\trunk\mermory\x64\debug\mermory.tlog\cl.write.1.tlog
c:\hello\narrativedesignexercise\trunk\mermory\x64\debug\mermory.tlog\link.command.1.tlog
c:\hello\narrativedesignexercise\trunk\mermory\x64\debug\mermory.tlog\link.read.1.tlog
c:\hello\narrativedesignexercise\trunk\mermory\x64\debug\mermory.tlog\link.write.1.tlog
